Arguments: 
  /Users/hebron/.nvm/versions/node/v16.4.0/bin/node /Users/hebron/.nvm/versions/node/v16.4.0/bin/yarn deploy:local

PATH: 
  /Users/hebron/.nvm/versions/node/v16.4.0/bin:/Library/Frameworks/Python.framework/Versions/3.8/bin:/usr/local/bin:/usr/bin:/bin:/usr/sbin:/sbin:/Library/Apple/usr/bin

Yarn version: 
  1.22.17

Node version: 
  16.4.0

Platform: 
  darwin x64

Trace: 
  SyntaxError: /Users/hebron/Desktop/登链训练营/W1-2/package.json: Unexpected token } in JSON at position 230
      at JSON.parse (<anonymous>)
      at /Users/hebron/.nvm/versions/node/v16.4.0/lib/node_modules/yarn/lib/cli.js:1625:59
      at Generator.next (<anonymous>)
      at step (/Users/hebron/.nvm/versions/node/v16.4.0/lib/node_modules/yarn/lib/cli.js:310:30)
      at /Users/hebron/.nvm/versions/node/v16.4.0/lib/node_modules/yarn/lib/cli.js:321:13

npm manifest: 
  {
    "name": "hardhat-project",
    "scripts": {
      "deploy:local":"yarn hardhat run scripts/deploy.ts --network  localhost"
  
    },
    "devDependencies": {
      "@nomicfoundation/hardhat-toolbox": "^2.0.2",
      "hardhat": "^2.13.0",
    }
  }

yarn manifest: 
  No manifest

Lockfile: 
  No lockfile
